<?xml version="1.0" encoding="UTF-8"?>
<coverage generated="1505412040649" clover="3.2.0">
  <project timestamp="1505412040649" name="All files">
    <metrics statements="44" coveredstatements="14" conditionals="6" coveredconditionals="0" methods="22" coveredmethods="1" elements="72" coveredelements="15" complexity="0" loc="44" ncloc="44" packages="3" files="7" classes="7">
      <package name="actions">
        <metrics statements="6" coveredstatements="4" conditionals="0" coveredconditionals="0" methods="2" coveredmethods="0"/>
        <file name="index.js" path="C:\Users\Zach Overhulser\Projects\hackedReact-Redux-Boilerplate-master\dev\js\actions\index.js">
          <metrics statements="6" coveredstatements="4" conditionals="0" coveredconditionals="0" methods="2" coveredmethods="0"/>
          <line num="1" count="5" type="stmt"/>
          <line num="2" count="5" type="stmt"/>
          <line num="3" count="0" type="stmt"/>
          <line num="9" count="5" type="stmt"/>
          <line num="10" count="5" type="stmt"/>
          <line num="11" count="0" type="stmt"/>
        </file>
      </package>
      <package name="components">
        <metrics statements="21" coveredstatements="7" conditionals="4" coveredconditionals="0" methods="13" coveredmethods="1"/>
        <file name="app.js" path="C:\Users\Zach Overhulser\Projects\hackedReact-Redux-Boilerplate-master\dev\js\components\app.js">
          <metrics statements="2" coveredstatements="2" conditionals="0" coveredconditionals="0" methods="1" coveredmethods="1"/>
          <line num="17" count="1" type="stmt"/>
          <line num="18" count="1" type="stmt"/>
        </file>
        <file name="language-aspect.js" path="C:\Users\Zach Overhulser\Projects\hackedReact-Redux-Boilerplate-master\dev\js\components\language-aspect.js">
          <metrics statements="4" coveredstatements="1" conditionals="0" coveredconditionals="0" methods="3" coveredmethods="0"/>
          <line num="6" count="5" type="stmt"/>
          <line num="13" count="0" type="stmt"/>
          <line num="15" count="0" type="stmt"/>
          <line num="22" count="0" type="stmt"/>
        </file>
        <file name="language-btn.js" path="C:\Users\Zach Overhulser\Projects\hackedReact-Redux-Boilerplate-master\dev\js\components\language-btn.js">
          <metrics statements="9" coveredstatements="3" conditionals="4" coveredconditionals="0" methods="5" coveredmethods="0"/>
          <line num="10" count="3" type="stmt"/>
          <line num="14" count="0" type="stmt"/>
          <line num="15" count="0" type="stmt"/>
          <line num="19" count="0" type="stmt"/>
          <line num="34" count="3" type="stmt"/>
          <line num="35" count="0" type="stmt"/>
          <line num="36" count="0" type="stmt"/>
          <line num="40" count="3" type="stmt"/>
          <line num="41" count="0" type="stmt"/>
        </file>
        <file name="list-language-aspects.js" path="C:\Users\Zach Overhulser\Projects\hackedReact-Redux-Boilerplate-master\dev\js\components\list-language-aspects.js">
          <metrics statements="6" coveredstatements="1" conditionals="0" coveredconditionals="0" methods="4" coveredmethods="0"/>
          <line num="9" count="4" type="stmt"/>
          <line num="11" count="0" type="stmt"/>
          <line num="12" count="0" type="stmt"/>
          <line num="13" count="0" type="stmt"/>
          <line num="22" count="0" type="stmt"/>
          <line num="30" count="0" type="stmt"/>
        </file>
      </package>
      <package name="containers">
        <metrics statements="17" coveredstatements="3" conditionals="2" coveredconditionals="0" methods="7" coveredmethods="0"/>
        <file name="language-btn-creator.js" path="C:\Users\Zach Overhulser\Projects\hackedReact-Redux-Boilerplate-master\dev\js\containers\language-btn-creator.js">
          <metrics statements="10" coveredstatements="1" conditionals="0" coveredconditionals="0" methods="4" coveredmethods="0"/>
          <line num="7" count="2" type="stmt"/>
          <line num="8" count="0" type="stmt"/>
          <line num="9" count="0" type="stmt"/>
          <line num="10" count="0" type="stmt"/>
          <line num="11" count="0" type="stmt"/>
          <line num="12" count="0" type="stmt"/>
          <line num="20" count="0" type="stmt"/>
          <line num="22" count="0" type="stmt"/>
          <line num="31" count="0" type="stmt"/>
          <line num="40" count="0" type="stmt"/>
        </file>
        <file name="language-detail.js" path="C:\Users\Zach Overhulser\Projects\hackedReact-Redux-Boilerplate-master\dev\js\containers\language-detail.js">
          <metrics statements="7" coveredstatements="2" conditionals="2" coveredconditionals="0" methods="3" coveredmethods="0"/>
          <line num="17" count="2" type="stmt"/>
          <line num="18" count="0" type="stmt"/>
          <line num="23" count="2" type="stmt"/>
          <line num="24" count="0" type="stmt"/>
          <line num="25" count="0" type="cond" truecount="0" falsecount="2"/>
          <line num="26" count="0" type="stmt"/>
          <line num="998" count="0" type="stmt"/>
        </file>
      </package>
    </metrics>
  </project>
</coverage>
