{"C:\\Users\\Zach Overhulser\\Projects\\hackedReact-Redux-Boilerplate-master\\dev\\js\\actions\\index.js": {"path":"C:\\Users\\Zach Overhulser\\Projects\\hackedReact-Redux-Boilerplate-master\\dev\\js\\actions\\index.js","statementMap":{"0":{"start":{"line":1,"column":31},"end":{"line":1,"column":48}},"1":{"start":{"line":2,"column":30},"end":{"line":7,"column":1}},"2":{"start":{"line":3,"column":1},"end":{"line":6,"column":2}},"3":{"start":{"line":9,"column":37},"end":{"line":9,"column":60}},"4":{"start":{"line":10,"column":34},"end":{"line":15,"column":1}},"5":{"start":{"line":11,"column":1},"end":{"line":14,"column":2}}},"fnMap":{"0":{"name":"(anonymous_0)","decl":{"start":{"line":2,"column":30},"end":{"line":2,"column":31}},"loc":{"start":{"line":2,"column":48},"end":{"line":7,"column":1}},"line":2},"1":{"name":"(anonymous_1)","decl":{"start":{"line":10,"column":34},"end":{"line":10,"column":35}},"loc":{"start":{"line":10,"column":52},"end":{"line":15,"column":1}},"line":10}},"branchMap":{},"s":{"0":5,"1":5,"2":0,"3":5,"4":5,"5":0},"f":{"0":0,"1":0},"b":{},"_coverageSchema":"332fd63041d2c1bcb487cc26dd0d5f7d97098a6c","hash":"189eb2c43ee48f61cae7d1751b8401a482829bdd"}
,"C:\\Users\\Zach Overhulser\\Projects\\hackedReact-Redux-Boilerplate-master\\dev\\js\\components\\app.js": {"path":"C:\\Users\\Zach Overhulser\\Projects\\hackedReact-Redux-Boilerplate-master\\dev\\js\\components\\app.js","statementMap":{"0":{"start":{"line":6,"column":12},"end":{"line":6,"column":28}},"1":{"start":{"line":6,"column":18},"end":{"line":6,"column":28}}},"fnMap":{"0":{"name":"(anonymous_0)","decl":{"start":{"line":6,"column":12},"end":{"line":6,"column":13}},"loc":{"start":{"line":6,"column":18},"end":{"line":6,"column":28}},"line":6}},"branchMap":{},"s":{"0":1,"1":1},"f":{"0":1},"b":{},"_coverageSchema":"332fd63041d2c1bcb487cc26dd0d5f7d97098a6c","hash":"ef6d9bc9c69f2a227f1f07a9f1e67c54871ef1c9"}
,"C:\\Users\\Zach Overhulser\\Projects\\hackedReact-Redux-Boilerplate-master\\dev\\js\\components\\language-aspect.js": {"path":"C:\\Users\\Zach Overhulser\\Projects\\hackedReact-Redux-Boilerplate-master\\dev\\js\\components\\language-aspect.js","statementMap":{"0":{"start":{"line":6,"column":23},"end":{"line":19,"column":1}},"1":{"start":{"line":13,"column":1},"end":{"line":18,"column":4}},"2":{"start":{"line":15,"column":17},"end":{"line":15,"column":69}},"3":{"start":{"line":22,"column":1},"end":{"line":25,"column":2}}},"fnMap":{"0":{"name":"(anonymous_0)","decl":{"start":{"line":6,"column":23},"end":{"line":6,"column":24}},"loc":{"start":{"line":6,"column":34},"end":{"line":19,"column":1}},"line":6},"1":{"name":"(anonymous_1)","decl":{"start":{"line":15,"column":11},"end":{"line":15,"column":12}},"loc":{"start":{"line":15,"column":17},"end":{"line":15,"column":69}},"line":15},"2":{"name":"mapStateToProps","decl":{"start":{"line":21,"column":9},"end":{"line":21,"column":24}},"loc":{"start":{"line":21,"column":32},"end":{"line":26,"column":1}},"line":21}},"branchMap":{},"s":{"0":5,"1":0,"2":0,"3":0},"f":{"0":0,"1":0,"2":0},"b":{},"_coverageSchema":"332fd63041d2c1bcb487cc26dd0d5f7d97098a6c","hash":"d9b3e613a94dfadb51bee15a215ba0239500a433"}
,"C:\\Users\\Zach Overhulser\\Projects\\hackedReact-Redux-Boilerplate-master\\dev\\js\\components\\language-btn.js": {"path":"C:\\Users\\Zach Overhulser\\Projects\\hackedReact-Redux-Boilerplate-master\\dev\\js\\components\\language-btn.js","statementMap":{"0":{"start":{"line":9,"column":20},"end":{"line":27,"column":1}},"1":{"start":{"line":10,"column":1},"end":{"line":10,"column":55}},"2":{"start":{"line":11,"column":1},"end":{"line":11,"column":69}},"3":{"start":{"line":12,"column":1},"end":{"line":12,"column":61}},"4":{"start":{"line":13,"column":1},"end":{"line":13,"column":79}},"5":{"start":{"line":14,"column":1},"end":{"line":14,"column":59}},"6":{"start":{"line":16,"column":26},"end":{"line":16,"column":50}},"7":{"start":{"line":17,"column":1},"end":{"line":26,"column":2}},"8":{"start":{"line":21,"column":18},"end":{"line":21,"column":56}},"9":{"start":{"line":36,"column":27},"end":{"line":40,"column":1}},"10":{"start":{"line":37,"column":1},"end":{"line":39,"column":2}},"11":{"start":{"line":38,"column":36},"end":{"line":38,"column":74}},"12":{"start":{"line":42,"column":24},"end":{"line":47,"column":1}},"13":{"start":{"line":43,"column":1},"end":{"line":46,"column":2}}},"fnMap":{"0":{"name":"(anonymous_0)","decl":{"start":{"line":9,"column":20},"end":{"line":9,"column":21}},"loc":{"start":{"line":9,"column":31},"end":{"line":27,"column":1}},"line":9},"1":{"name":"(anonymous_1)","decl":{"start":{"line":21,"column":12},"end":{"line":21,"column":13}},"loc":{"start":{"line":21,"column":18},"end":{"line":21,"column":56}},"line":21},"2":{"name":"(anonymous_2)","decl":{"start":{"line":36,"column":27},"end":{"line":36,"column":28}},"loc":{"start":{"line":36,"column":41},"end":{"line":40,"column":1}},"line":36},"3":{"name":"(anonymous_3)","decl":{"start":{"line":38,"column":18},"end":{"line":38,"column":19}},"loc":{"start":{"line":38,"column":36},"end":{"line":38,"column":74}},"line":38},"4":{"name":"(anonymous_4)","decl":{"start":{"line":42,"column":24},"end":{"line":42,"column":25}},"loc":{"start":{"line":42,"column":35},"end":{"line":47,"column":1}},"line":42}},"branchMap":{"0":{"loc":{"start":{"line":24,"column":4},"end":{"line":24,"column":106}},"type":"cond-expr","locations":[{"start":{"line":24,"column":76},"end":{"line":24,"column":99}},{"start":{"line":24,"column":102},"end":{"line":24,"column":106}}],"line":24},"1":{"loc":{"start":{"line":24,"column":4},"end":{"line":24,"column":73}},"type":"binary-expr","locations":[{"start":{"line":24,"column":4},"end":{"line":24,"column":23}},{"start":{"line":24,"column":28},"end":{"line":24,"column":72}}],"line":24}},"s":{"0":3,"1":0,"2":0,"3":0,"4":0,"5":0,"6":0,"7":0,"8":0,"9":3,"10":0,"11":0,"12":3,"13":0},"f":{"0":0,"1":0,"2":0,"3":0,"4":0},"b":{"0":[0,0],"1":[0,0]},"_coverageSchema":"332fd63041d2c1bcb487cc26dd0d5f7d97098a6c","hash":"4dd011d33bf1d7c44c5dcf33f85f6e50b1816e5b"}
,"C:\\Users\\Zach Overhulser\\Projects\\hackedReact-Redux-Boilerplate-master\\dev\\js\\components\\list-language-aspects.js": {"path":"C:\\Users\\Zach Overhulser\\Projects\\hackedReact-Redux-Boilerplate-master\\dev\\js\\components\\list-language-aspects.js","statementMap":{"0":{"start":{"line":9,"column":28},"end":{"line":27,"column":1}},"1":{"start":{"line":11,"column":22},"end":{"line":11,"column":95}},"2":{"start":{"line":12,"column":2},"end":{"line":20,"column":5}},"3":{"start":{"line":13,"column":3},"end":{"line":19,"column":6}},"4":{"start":{"line":22,"column":1},"end":{"line":26,"column":4}},"5":{"start":{"line":30,"column":1},"end":{"line":32,"column":2}}},"fnMap":{"0":{"name":"(anonymous_0)","decl":{"start":{"line":9,"column":28},"end":{"line":9,"column":29}},"loc":{"start":{"line":9,"column":39},"end":{"line":27,"column":1}},"line":9},"1":{"name":"createParams","decl":{"start":{"line":10,"column":10},"end":{"line":10,"column":22}},"loc":{"start":{"line":10,"column":25},"end":{"line":21,"column":2}},"line":10},"2":{"name":"(anonymous_2)","decl":{"start":{"line":12,"column":29},"end":{"line":12,"column":30}},"loc":{"start":{"line":12,"column":41},"end":{"line":20,"column":3}},"line":12},"3":{"name":"mapStateToProps","decl":{"start":{"line":29,"column":9},"end":{"line":29,"column":24}},"loc":{"start":{"line":29,"column":32},"end":{"line":33,"column":1}},"line":29}},"branchMap":{},"s":{"0":4,"1":0,"2":0,"3":0,"4":0,"5":0},"f":{"0":0,"1":0,"2":0,"3":0},"b":{},"_coverageSchema":"332fd63041d2c1bcb487cc26dd0d5f7d97098a6c","hash":"97f6444a67cc9342dd51bdd0d5231999f1afb574"}
,"C:\\Users\\Zach Overhulser\\Projects\\hackedReact-Redux-Boilerplate-master\\dev\\js\\components\\routes.js": {"path":"C:\\Users\\Zach Overhulser\\Projects\\hackedReact-Redux-Boilerplate-master\\dev\\js\\components\\routes.js","statementMap":{"0":{"start":{"line":7,"column":15},"end":{"line":17,"column":1}},"1":{"start":{"line":8,"column":1},"end":{"line":16,"column":4}}},"fnMap":{"0":{"name":"(anonymous_0)","decl":{"start":{"line":7,"column":15},"end":{"line":7,"column":16}},"loc":{"start":{"line":7,"column":21},"end":{"line":17,"column":1}},"line":7}},"branchMap":{},"s":{"0":2,"1":2},"f":{"0":2},"b":{},"_coverageSchema":"332fd63041d2c1bcb487cc26dd0d5f7d97098a6c","hash":"fc593715f62476cec1d0a790f3e1a8984db7d137"}
,"C:\\Users\\Zach Overhulser\\Projects\\hackedReact-Redux-Boilerplate-master\\dev\\js\\containers\\language-btn-creator.js": {"path":"C:\\Users\\Zach Overhulser\\Projects\\hackedReact-Redux-Boilerplate-master\\dev\\js\\containers\\language-btn-creator.js","statementMap":{"0":{"start":{"line":10,"column":27},"end":{"line":33,"column":1}},"1":{"start":{"line":17,"column":2},"end":{"line":26,"column":5}},"2":{"start":{"line":19,"column":3},"end":{"line":25,"column":5}},"3":{"start":{"line":28,"column":0},"end":{"line":32,"column":3}},"4":{"start":{"line":37,"column":1},"end":{"line":39,"column":2}}},"fnMap":{"0":{"name":"(anonymous_0)","decl":{"start":{"line":10,"column":27},"end":{"line":10,"column":28}},"loc":{"start":{"line":10,"column":38},"end":{"line":33,"column":1}},"line":10},"1":{"name":"createBtns","decl":{"start":{"line":16,"column":10},"end":{"line":16,"column":20}},"loc":{"start":{"line":16,"column":23},"end":{"line":27,"column":2}},"line":16},"2":{"name":"(anonymous_2)","decl":{"start":{"line":17,"column":29},"end":{"line":17,"column":30}},"loc":{"start":{"line":17,"column":46},"end":{"line":26,"column":3}},"line":17},"3":{"name":"mapStateToProps","decl":{"start":{"line":36,"column":9},"end":{"line":36,"column":24}},"loc":{"start":{"line":36,"column":32},"end":{"line":40,"column":1}},"line":36}},"branchMap":{},"s":{"0":2,"1":0,"2":0,"3":0,"4":0},"f":{"0":0,"1":0,"2":0,"3":0},"b":{},"_coverageSchema":"332fd63041d2c1bcb487cc26dd0d5f7d97098a6c","hash":"1d468105fd830b7fbf830e542ed04b2a47aa0e15"}
,"C:\\Users\\Zach Overhulser\\Projects\\hackedReact-Redux-Boilerplate-master\\dev\\js\\containers\\language-detail.js": {"path":"C:\\Users\\Zach Overhulser\\Projects\\hackedReact-Redux-Boilerplate-master\\dev\\js\\containers\\language-detail.js","statementMap":{"0":{"start":{"line":17,"column":23},"end":{"line":19,"column":2}},"1":{"start":{"line":18,"column":1},"end":{"line":18,"column":32}},"2":{"start":{"line":23,"column":23},"end":{"line":55,"column":1}},"3":{"start":{"line":24,"column":4},"end":{"line":24,"column":63}},"4":{"start":{"line":25,"column":1},"end":{"line":27,"column":2}},"5":{"start":{"line":26,"column":2},"end":{"line":26,"column":28}},"6":{"start":{"line":998,"column":1},"end":{"line":1001,"column":2}}},"fnMap":{"0":{"name":"(anonymous_0)","decl":{"start":{"line":17,"column":23},"end":{"line":17,"column":24}},"loc":{"start":{"line":18,"column":1},"end":{"line":18,"column":32}},"line":18},"1":{"name":"(anonymous_1)","decl":{"start":{"line":23,"column":23},"end":{"line":23,"column":24}},"loc":{"start":{"line":23,"column":34},"end":{"line":55,"column":1}},"line":23},"2":{"name":"mapStateToProps","decl":{"start":{"line":997,"column":9},"end":{"line":997,"column":24}},"loc":{"start":{"line":997,"column":32},"end":{"line":1002,"column":1}},"line":997}},"branchMap":{"0":{"loc":{"start":{"line":25,"column":1},"end":{"line":27,"column":2}},"type":"if","locations":[{"start":{"line":25,"column":1},"end":{"line":27,"column":2}},{"start":{"line":25,"column":1},"end":{"line":27,"column":2}}],"line":25}},"s":{"0":3,"1":0,"2":3,"3":0,"4":0,"5":0,"6":0},"f":{"0":0,"1":0,"2":0},"b":{"0":[0,0]},"_coverageSchema":"332fd63041d2c1bcb487cc26dd0d5f7d97098a6c","hash":"12ea449f220424c3e7fb8005d107ac82fa09c6d3"}
}
