{"C:\\Users\\Zach Overhulser\\Projects\\hackedReact-Redux-Boilerplate-master\\dev\\js\\actions\\index.js": {"path":"C:\\Users\\Zach Overhulser\\Projects\\hackedReact-Redux-Boilerplate-master\\dev\\js\\actions\\index.js","statementMap":{"0":{"start":{"line":1,"column":31},"end":{"line":1,"column":48}},"1":{"start":{"line":2,"column":30},"end":{"line":7,"column":1}},"2":{"start":{"line":3,"column":1},"end":{"line":6,"column":2}},"3":{"start":{"line":9,"column":37},"end":{"line":9,"column":60}},"4":{"start":{"line":10,"column":34},"end":{"line":15,"column":1}},"5":{"start":{"line":11,"column":1},"end":{"line":14,"column":2}}},"fnMap":{"0":{"name":"(anonymous_0)","decl":{"start":{"line":2,"column":30},"end":{"line":2,"column":31}},"loc":{"start":{"line":2,"column":48},"end":{"line":7,"column":1}},"line":2},"1":{"name":"(anonymous_1)","decl":{"start":{"line":10,"column":34},"end":{"line":10,"column":35}},"loc":{"start":{"line":10,"column":52},"end":{"line":15,"column":1}},"line":10}},"branchMap":{},"s":{"0":5,"1":5,"2":0,"3":5,"4":5,"5":0},"f":{"0":0,"1":0},"b":{},"_coverageSchema":"332fd63041d2c1bcb487cc26dd0d5f7d97098a6c","hash":"189eb2c43ee48f61cae7d1751b8401a482829bdd"}
,"C:\\Users\\Zach Overhulser\\Projects\\hackedReact-Redux-Boilerplate-master\\dev\\js\\components\\app.js": {"path":"C:\\Users\\Zach Overhulser\\Projects\\hackedReact-Redux-Boilerplate-master\\dev\\js\\components\\app.js","statementMap":{"0":{"start":{"line":17,"column":12},"end":{"line":23,"column":1}},"1":{"start":{"line":18,"column":1},"end":{"line":22,"column":7}}},"fnMap":{"0":{"name":"(anonymous_0)","decl":{"start":{"line":17,"column":12},"end":{"line":17,"column":13}},"loc":{"start":{"line":18,"column":1},"end":{"line":22,"column":7}},"line":18}},"branchMap":{},"s":{"0":1,"1":1},"f":{"0":1},"b":{},"_coverageSchema":"332fd63041d2c1bcb487cc26dd0d5f7d97098a6c","hash":"4536e5d6ad1e3ba106e00cbfda756ec15fd66337"}
,"C:\\Users\\Zach Overhulser\\Projects\\hackedReact-Redux-Boilerplate-master\\dev\\js\\components\\language-aspect.js": {"path":"C:\\Users\\Zach Overhulser\\Projects\\hackedReact-Redux-Boilerplate-master\\dev\\js\\components\\language-aspect.js","statementMap":{"0":{"start":{"line":6,"column":23},"end":{"line":19,"column":1}},"1":{"start":{"line":13,"column":1},"end":{"line":18,"column":4}},"2":{"start":{"line":15,"column":17},"end":{"line":15,"column":69}},"3":{"start":{"line":22,"column":1},"end":{"line":25,"column":2}}},"fnMap":{"0":{"name":"(anonymous_0)","decl":{"start":{"line":6,"column":23},"end":{"line":6,"column":24}},"loc":{"start":{"line":6,"column":34},"end":{"line":19,"column":1}},"line":6},"1":{"name":"(anonymous_1)","decl":{"start":{"line":15,"column":11},"end":{"line":15,"column":12}},"loc":{"start":{"line":15,"column":17},"end":{"line":15,"column":69}},"line":15},"2":{"name":"mapStateToProps","decl":{"start":{"line":21,"column":9},"end":{"line":21,"column":24}},"loc":{"start":{"line":21,"column":32},"end":{"line":26,"column":1}},"line":21}},"branchMap":{},"s":{"0":5,"1":0,"2":0,"3":0},"f":{"0":0,"1":0,"2":0},"b":{},"_coverageSchema":"332fd63041d2c1bcb487cc26dd0d5f7d97098a6c","hash":"d9b3e613a94dfadb51bee15a215ba0239500a433"}
,"C:\\Users\\Zach Overhulser\\Projects\\hackedReact-Redux-Boilerplate-master\\dev\\js\\components\\language-btn.js": {"path":"C:\\Users\\Zach Overhulser\\Projects\\hackedReact-Redux-Boilerplate-master\\dev\\js\\components\\language-btn.js","statementMap":{"0":{"start":{"line":10,"column":20},"end":{"line":25,"column":1}},"1":{"start":{"line":14,"column":26},"end":{"line":14,"column":50}},"2":{"start":{"line":15,"column":1},"end":{"line":24,"column":2}},"3":{"start":{"line":19,"column":18},"end":{"line":19,"column":56}},"4":{"start":{"line":34,"column":27},"end":{"line":38,"column":1}},"5":{"start":{"line":35,"column":1},"end":{"line":37,"column":2}},"6":{"start":{"line":36,"column":36},"end":{"line":36,"column":74}},"7":{"start":{"line":40,"column":24},"end":{"line":45,"column":1}},"8":{"start":{"line":41,"column":1},"end":{"line":44,"column":2}}},"fnMap":{"0":{"name":"(anonymous_0)","decl":{"start":{"line":10,"column":20},"end":{"line":10,"column":21}},"loc":{"start":{"line":10,"column":31},"end":{"line":25,"column":1}},"line":10},"1":{"name":"(anonymous_1)","decl":{"start":{"line":19,"column":12},"end":{"line":19,"column":13}},"loc":{"start":{"line":19,"column":18},"end":{"line":19,"column":56}},"line":19},"2":{"name":"(anonymous_2)","decl":{"start":{"line":34,"column":27},"end":{"line":34,"column":28}},"loc":{"start":{"line":34,"column":41},"end":{"line":38,"column":1}},"line":34},"3":{"name":"(anonymous_3)","decl":{"start":{"line":36,"column":18},"end":{"line":36,"column":19}},"loc":{"start":{"line":36,"column":36},"end":{"line":36,"column":74}},"line":36},"4":{"name":"(anonymous_4)","decl":{"start":{"line":40,"column":24},"end":{"line":40,"column":25}},"loc":{"start":{"line":40,"column":35},"end":{"line":45,"column":1}},"line":40}},"branchMap":{"0":{"loc":{"start":{"line":22,"column":4},"end":{"line":22,"column":106}},"type":"cond-expr","locations":[{"start":{"line":22,"column":76},"end":{"line":22,"column":99}},{"start":{"line":22,"column":102},"end":{"line":22,"column":106}}],"line":22},"1":{"loc":{"start":{"line":22,"column":4},"end":{"line":22,"column":73}},"type":"binary-expr","locations":[{"start":{"line":22,"column":4},"end":{"line":22,"column":23}},{"start":{"line":22,"column":28},"end":{"line":22,"column":72}}],"line":22}},"s":{"0":3,"1":0,"2":0,"3":0,"4":3,"5":0,"6":0,"7":3,"8":0},"f":{"0":0,"1":0,"2":0,"3":0,"4":0},"b":{"0":[0,0],"1":[0,0]},"_coverageSchema":"332fd63041d2c1bcb487cc26dd0d5f7d97098a6c","hash":"38f5382703fb8aebb6bf54c8051195466d0070cd"}
,"C:\\Users\\Zach Overhulser\\Projects\\hackedReact-Redux-Boilerplate-master\\dev\\js\\components\\list-language-aspects.js": {"path":"C:\\Users\\Zach Overhulser\\Projects\\hackedReact-Redux-Boilerplate-master\\dev\\js\\components\\list-language-aspects.js","statementMap":{"0":{"start":{"line":9,"column":28},"end":{"line":27,"column":1}},"1":{"start":{"line":11,"column":22},"end":{"line":11,"column":95}},"2":{"start":{"line":12,"column":2},"end":{"line":20,"column":5}},"3":{"start":{"line":13,"column":3},"end":{"line":19,"column":6}},"4":{"start":{"line":22,"column":1},"end":{"line":26,"column":4}},"5":{"start":{"line":30,"column":1},"end":{"line":32,"column":2}}},"fnMap":{"0":{"name":"(anonymous_0)","decl":{"start":{"line":9,"column":28},"end":{"line":9,"column":29}},"loc":{"start":{"line":9,"column":39},"end":{"line":27,"column":1}},"line":9},"1":{"name":"createParams","decl":{"start":{"line":10,"column":10},"end":{"line":10,"column":22}},"loc":{"start":{"line":10,"column":25},"end":{"line":21,"column":2}},"line":10},"2":{"name":"(anonymous_2)","decl":{"start":{"line":12,"column":29},"end":{"line":12,"column":30}},"loc":{"start":{"line":12,"column":41},"end":{"line":20,"column":3}},"line":12},"3":{"name":"mapStateToProps","decl":{"start":{"line":29,"column":9},"end":{"line":29,"column":24}},"loc":{"start":{"line":29,"column":32},"end":{"line":33,"column":1}},"line":29}},"branchMap":{},"s":{"0":4,"1":0,"2":0,"3":0,"4":0,"5":0},"f":{"0":0,"1":0,"2":0,"3":0},"b":{},"_coverageSchema":"332fd63041d2c1bcb487cc26dd0d5f7d97098a6c","hash":"97f6444a67cc9342dd51bdd0d5231999f1afb574"}
,"C:\\Users\\Zach Overhulser\\Projects\\hackedReact-Redux-Boilerplate-master\\dev\\js\\containers\\language-btn-creator.js": {"path":"C:\\Users\\Zach Overhulser\\Projects\\hackedReact-Redux-Boilerplate-master\\dev\\js\\containers\\language-btn-creator.js","statementMap":{"0":{"start":{"line":7,"column":27},"end":{"line":36,"column":1}},"1":{"start":{"line":8,"column":1},"end":{"line":8,"column":62}},"2":{"start":{"line":9,"column":1},"end":{"line":9,"column":76}},"3":{"start":{"line":10,"column":1},"end":{"line":10,"column":68}},"4":{"start":{"line":11,"column":1},"end":{"line":11,"column":86}},"5":{"start":{"line":12,"column":1},"end":{"line":12,"column":66}},"6":{"start":{"line":20,"column":2},"end":{"line":29,"column":5}},"7":{"start":{"line":22,"column":3},"end":{"line":28,"column":5}},"8":{"start":{"line":31,"column":0},"end":{"line":35,"column":3}},"9":{"start":{"line":40,"column":1},"end":{"line":42,"column":2}}},"fnMap":{"0":{"name":"(anonymous_0)","decl":{"start":{"line":7,"column":27},"end":{"line":7,"column":28}},"loc":{"start":{"line":7,"column":38},"end":{"line":36,"column":1}},"line":7},"1":{"name":"createBtns","decl":{"start":{"line":19,"column":10},"end":{"line":19,"column":20}},"loc":{"start":{"line":19,"column":23},"end":{"line":30,"column":2}},"line":19},"2":{"name":"(anonymous_2)","decl":{"start":{"line":20,"column":29},"end":{"line":20,"column":30}},"loc":{"start":{"line":20,"column":46},"end":{"line":29,"column":3}},"line":20},"3":{"name":"mapStateToProps","decl":{"start":{"line":39,"column":9},"end":{"line":39,"column":24}},"loc":{"start":{"line":39,"column":32},"end":{"line":43,"column":1}},"line":39}},"branchMap":{},"s":{"0":2,"1":0,"2":0,"3":0,"4":0,"5":0,"6":0,"7":0,"8":0,"9":0},"f":{"0":0,"1":0,"2":0,"3":0},"b":{},"_coverageSchema":"332fd63041d2c1bcb487cc26dd0d5f7d97098a6c","hash":"ffaf786d3aaafffd46e5d2b1a8582dd6a84ba8c3"}
,"C:\\Users\\Zach Overhulser\\Projects\\hackedReact-Redux-Boilerplate-master\\dev\\js\\containers\\language-detail.js": {"path":"C:\\Users\\Zach Overhulser\\Projects\\hackedReact-Redux-Boilerplate-master\\dev\\js\\containers\\language-detail.js","statementMap":{"0":{"start":{"line":17,"column":23},"end":{"line":19,"column":2}},"1":{"start":{"line":18,"column":1},"end":{"line":18,"column":32}},"2":{"start":{"line":23,"column":23},"end":{"line":55,"column":1}},"3":{"start":{"line":24,"column":4},"end":{"line":24,"column":63}},"4":{"start":{"line":25,"column":1},"end":{"line":27,"column":2}},"5":{"start":{"line":26,"column":2},"end":{"line":26,"column":28}},"6":{"start":{"line":998,"column":1},"end":{"line":1001,"column":2}}},"fnMap":{"0":{"name":"(anonymous_0)","decl":{"start":{"line":17,"column":23},"end":{"line":17,"column":24}},"loc":{"start":{"line":18,"column":1},"end":{"line":18,"column":32}},"line":18},"1":{"name":"(anonymous_1)","decl":{"start":{"line":23,"column":23},"end":{"line":23,"column":24}},"loc":{"start":{"line":23,"column":34},"end":{"line":55,"column":1}},"line":23},"2":{"name":"mapStateToProps","decl":{"start":{"line":997,"column":9},"end":{"line":997,"column":24}},"loc":{"start":{"line":997,"column":32},"end":{"line":1002,"column":1}},"line":997}},"branchMap":{"0":{"loc":{"start":{"line":25,"column":1},"end":{"line":27,"column":2}},"type":"if","locations":[{"start":{"line":25,"column":1},"end":{"line":27,"column":2}},{"start":{"line":25,"column":1},"end":{"line":27,"column":2}}],"line":25}},"s":{"0":2,"1":0,"2":2,"3":0,"4":0,"5":0,"6":0},"f":{"0":0,"1":0,"2":0},"b":{"0":[0,0]},"_coverageSchema":"332fd63041d2c1bcb487cc26dd0d5f7d97098a6c","hash":"12ea449f220424c3e7fb8005d107ac82fa09c6d3"}
}
