TN:
SF:C:\Users\Zach Overhulser\Projects\hackedReact-Redux-Boilerplate-master\dev\js\actions\index.js
FN:2,(anonymous_0)
FN:10,(anonymous_1)
FNF:2
FNH:0
FNDA:0,(anonymous_0)
FNDA:0,(anonymous_1)
DA:1,5
DA:2,5
DA:3,0
DA:9,5
DA:10,5
DA:11,0
LF:6
LH:4
BRF:0
BRH:0
end_of_record
TN:
SF:C:\Users\Zach Overhulser\Projects\hackedReact-Redux-Boilerplate-master\dev\js\components\app.js
FN:17,(anonymous_0)
FNF:1
FNH:1
FNDA:1,(anonymous_0)
DA:17,1
DA:18,1
LF:2
LH:2
BRF:0
BRH:0
end_of_record
TN:
SF:C:\Users\Zach Overhulser\Projects\hackedReact-Redux-Boilerplate-master\dev\js\components\language-aspect.js
FN:6,(anonymous_0)
FN:15,(anonymous_1)
FN:21,mapStateToProps
FNF:3
FNH:0
FNDA:0,(anonymous_0)
FNDA:0,(anonymous_1)
FNDA:0,mapStateToProps
DA:6,5
DA:13,0
DA:15,0
DA:22,0
LF:4
LH:1
BRF:0
BRH:0
end_of_record
TN:
SF:C:\Users\Zach Overhulser\Projects\hackedReact-Redux-Boilerplate-master\dev\js\components\language-btn.js
FN:10,(anonymous_0)
FN:19,(anonymous_1)
FN:34,(anonymous_2)
FN:36,(anonymous_3)
FN:40,(anonymous_4)
FNF:5
FNH:0
FNDA:0,(anonymous_0)
FNDA:0,(anonymous_1)
FNDA:0,(anonymous_2)
FNDA:0,(anonymous_3)
FNDA:0,(anonymous_4)
DA:10,3
DA:14,0
DA:15,0
DA:19,0
DA:34,3
DA:35,0
DA:36,0
DA:40,3
DA:41,0
LF:9
LH:3
BRDA:22,0,0,0
BRDA:22,0,1,0
BRDA:22,1,0,0
BRDA:22,1,1,0
BRF:4
BRH:0
end_of_record
TN:
SF:C:\Users\Zach Overhulser\Projects\hackedReact-Redux-Boilerplate-master\dev\js\components\list-language-aspects.js
FN:9,(anonymous_0)
FN:10,createParams
FN:12,(anonymous_2)
FN:29,mapStateToProps
FNF:4
FNH:0
FNDA:0,(anonymous_0)
FNDA:0,createParams
FNDA:0,(anonymous_2)
FNDA:0,mapStateToProps
DA:9,4
DA:11,0
DA:12,0
DA:13,0
DA:22,0
DA:30,0
LF:6
LH:1
BRF:0
BRH:0
end_of_record
TN:
SF:C:\Users\Zach Overhulser\Projects\hackedReact-Redux-Boilerplate-master\dev\js\containers\language-btn-creator.js
FN:7,(anonymous_0)
FN:19,createBtns
FN:20,(anonymous_2)
FN:39,mapStateToProps
FNF:4
FNH:0
FNDA:0,(anonymous_0)
FNDA:0,createBtns
FNDA:0,(anonymous_2)
FNDA:0,mapStateToProps
DA:7,2
DA:8,0
DA:9,0
DA:10,0
DA:11,0
DA:12,0
DA:20,0
DA:22,0
DA:31,0
DA:40,0
LF:10
LH:1
BRF:0
BRH:0
end_of_record
TN:
SF:C:\Users\Zach Overhulser\Projects\hackedReact-Redux-Boilerplate-master\dev\js\containers\language-detail.js
FN:17,(anonymous_0)
FN:23,(anonymous_1)
FN:997,mapStateToProps
FNF:3
FNH:0
FNDA:0,(anonymous_0)
FNDA:0,(anonymous_1)
FNDA:0,mapStateToProps
DA:17,2
DA:18,0
DA:23,2
DA:24,0
DA:25,0
DA:26,0
DA:998,0
LF:7
LH:2
BRDA:25,0,0,0
BRDA:25,0,1,0
BRF:2
BRH:0
end_of_record
